2023-11-12 15:52:13 [scrapy.middleware] INFO: Enabled downloader middlewares:
['scrapy.downloadermiddlewares.robotstxt.RobotsTxtMiddleware',
 'scrapy.downloadermiddlewares.httpauth.HttpAuthMiddleware',
 'scrapy.downloadermiddlewares.downloadtimeout.DownloadTimeoutMiddleware',
 'scrapy.downloadermiddlewares.defaultheaders.DefaultHeadersMiddleware',
 'scrapy.downloadermiddlewares.useragent.UserAgentMiddleware',
 'scrapy.downloadermiddlewares.retry.RetryMiddleware',
 'scrapy.downloadermiddlewares.redirect.MetaRefreshMiddleware',
 'scrapy.downloadermiddlewares.redirect.RedirectMiddleware',
 'scrapy.downloadermiddlewares.cookies.CookiesMiddleware',
 'scrapy_splash.SplashCookiesMiddleware',
 'scrapy_splash.SplashMiddleware',
 'scrapy.downloadermiddlewares.httpproxy.HttpProxyMiddleware',
 'scrapy.downloadermiddlewares.httpcompression.HttpCompressionMiddleware',
 'scrapy.downloadermiddlewares.stats.DownloaderStats']
2023-11-12 15:52:13 [scrapy.middleware] INFO: Enabled spider middlewares:
['scrapy.spidermiddlewares.httperror.HttpErrorMiddleware',
 'scrapy_splash.SplashDeduplicateArgsMiddleware',
 'scrapy.spidermiddlewares.offsite.OffsiteMiddleware',
 'scrapy.spidermiddlewares.referer.RefererMiddleware',
 'scrapy.spidermiddlewares.urllength.UrlLengthMiddleware',
 'scrapy.spidermiddlewares.depth.DepthMiddleware']
2023-11-12 15:52:13 [scrapy.middleware] INFO: Enabled item pipelines:
[]
2023-11-12 15:52:13 [scrapy.core.engine] INFO: Spider opened
2023-11-12 15:52:13 [scrapy.extensions.logstats] INFO: Crawled 0 pages (at 0 pages/min), scraped 0 items (at 0 items/min)
2023-11-12 15:52:13 [scrapy.extensions.telnet] INFO: Telnet console listening on 127.0.0.1:6023
2023-11-12 15:52:14 [scrapy.core.engine] DEBUG: Crawled (404) <GET https://quotes.toscrape.com/robots.txt> (referer: None)
2023-11-12 15:52:14 [scrapy.downloadermiddlewares.retry] DEBUG: Retrying <GET https://quotes.toscrape.com/ via http://localhost:8050/render.html> (failed 1 times): Connection was refused by other side: 111: Connection refused.
2023-11-12 15:52:14 [scrapy.downloadermiddlewares.retry] DEBUG: Retrying <GET https://quotes.toscrape.com/ via http://localhost:8050/render.html> (failed 2 times): Connection was refused by other side: 111: Connection refused.
2023-11-12 15:52:15 [scrapy.downloadermiddlewares.retry] ERROR: Gave up retrying <GET https://quotes.toscrape.com/ via http://localhost:8050/render.html> (failed 3 times): Connection was refused by other side: 111: Connection refused.
2023-11-12 15:52:15 [scrapy.core.scraper] ERROR: Error downloading <GET https://quotes.toscrape.com/ via http://localhost:8050/render.html>
Traceback (most recent call last):
  File "/usr/local/lib/python3.10/site-packages/scrapy/core/downloader/middleware.py", line 54, in process_request
    return (yield download_func(request=request, spider=spider))
twisted.internet.error.ConnectionRefusedError: Connection was refused by other side: 111: Connection refused.
2023-11-12 15:52:15 [scrapy.core.engine] INFO: Closing spider (finished)
2023-11-12 15:52:15 [scrapy.statscollectors] INFO: Dumping Scrapy stats:
{'downloader/exception_count': 3,
 'downloader/exception_type_count/twisted.internet.error.ConnectionRefusedError': 3,
 'downloader/request_bytes': 2113,
 'downloader/request_count': 4,
 'downloader/request_method_count/GET': 1,
 'downloader/request_method_count/POST': 3,
 'downloader/response_bytes': 397,
 'downloader/response_count': 1,
 'downloader/response_status_count/404': 1,
 'elapsed_time_seconds': 1.603626,
 'finish_reason': 'finished',
 'finish_time': datetime.datetime(2023, 11, 12, 15, 52, 15, 328247, tzinfo=datetime.timezone.utc),
 'log_count/DEBUG': 6,
 'log_count/ERROR': 2,
 'log_count/INFO': 10,
 'memusage/max': 59404288,
 'memusage/startup': 59404288,
 'response_received_count': 1,
 'retry/count': 2,
 'retry/max_reached': 1,
 'retry/reason_count/twisted.internet.error.ConnectionRefusedError': 2,
 'robotstxt/request_count': 1,
 'robotstxt/response_count': 1,
 'robotstxt/response_status_count/404': 1,
 'scheduler/dequeued': 4,
 'scheduler/dequeued/memory': 4,
 'scheduler/enqueued': 4,
 'scheduler/enqueued/memory': 4,
 'splash/render.html/request_count': 1,
 'start_time': datetime.datetime(2023, 11, 12, 15, 52, 13, 724621, tzinfo=datetime.timezone.utc)}
2023-11-12 15:52:15 [scrapy.core.engine] INFO: Spider closed (finished)
